{"D:\\OneDrive\\Documents\\LEARNING\\Software Engineering\\Full Stack Open\\Part 5\\Bloglist-frontend\\src\\App.jsx": {"path":"D:\\OneDrive\\Documents\\LEARNING\\Software Engineering\\Full Stack Open\\Part 5\\Bloglist-frontend\\src\\App.jsx","statementMap":{"0":{"start":{"line":10,"column":12},"end":{"line":139,"column":1}},"1":{"start":{"line":11,"column":28},"end":{"line":11,"column":40}},"2":{"start":{"line":12,"column":34},"end":{"line":12,"column":46}},"3":{"start":{"line":13,"column":34},"end":{"line":13,"column":46}},"4":{"start":{"line":14,"column":26},"end":{"line":14,"column":40}},"5":{"start":{"line":15,"column":32},"end":{"line":15,"column":46}},"6":{"start":{"line":16,"column":42},"end":{"line":16,"column":57}},"7":{"start":{"line":18,"column":22},"end":{"line":18,"column":30}},"8":{"start":{"line":20,"column":2},"end":{"line":26,"column":9}},"9":{"start":{"line":21,"column":23},"end":{"line":24,"column":5}},"10":{"start":{"line":22,"column":20},"end":{"line":22,"column":46}},"11":{"start":{"line":23,"column":6},"end":{"line":23,"column":22}},"12":{"start":{"line":25,"column":4},"end":{"line":25,"column":17}},"13":{"start":{"line":28,"column":2},"end":{"line":35,"column":9}},"14":{"start":{"line":29,"column":27},"end":{"line":29,"column":75}},"15":{"start":{"line":30,"column":4},"end":{"line":34,"column":5}},"16":{"start":{"line":31,"column":19},"end":{"line":31,"column":45}},"17":{"start":{"line":32,"column":6},"end":{"line":32,"column":20}},"18":{"start":{"line":33,"column":6},"end":{"line":33,"column":39}},"19":{"start":{"line":37,"column":18},"end":{"line":43,"column":3}},"20":{"start":{"line":38,"column":4},"end":{"line":38,"column":43}},"21":{"start":{"line":39,"column":25},"end":{"line":39,"column":61}},"22":{"start":{"line":40,"column":4},"end":{"line":40,"column":75}},"23":{"start":{"line":41,"column":4},"end":{"line":41,"column":79}},"24":{"start":{"line":42,"column":4},"end":{"line":42,"column":45}},"25":{"start":{"line":42,"column":21},"end":{"line":42,"column":37}},"26":{"start":{"line":45,"column":21},"end":{"line":50,"column":3}},"27":{"start":{"line":46,"column":4},"end":{"line":46,"column":58}},"28":{"start":{"line":47,"column":4},"end":{"line":49,"column":6}},"29":{"start":{"line":48,"column":27},"end":{"line":48,"column":74}},"30":{"start":{"line":52,"column":21},"end":{"line":55,"column":3}},"31":{"start":{"line":53,"column":4},"end":{"line":53,"column":33}},"32":{"start":{"line":54,"column":4},"end":{"line":54,"column":53}},"33":{"start":{"line":54,"column":36},"end":{"line":54,"column":50}},"34":{"start":{"line":57,"column":22},"end":{"line":76,"column":3}},"35":{"start":{"line":58,"column":4},"end":{"line":58,"column":27}},"36":{"start":{"line":59,"column":4},"end":{"line":75,"column":5}},"37":{"start":{"line":60,"column":19},"end":{"line":63,"column":8}},"38":{"start":{"line":64,"column":6},"end":{"line":64,"column":77}},"39":{"start":{"line":65,"column":6},"end":{"line":65,"column":39}},"40":{"start":{"line":66,"column":6},"end":{"line":66,"column":20}},"41":{"start":{"line":67,"column":6},"end":{"line":67,"column":22}},"42":{"start":{"line":68,"column":6},"end":{"line":68,"column":22}},"43":{"start":{"line":69,"column":6},"end":{"line":69,"column":57}},"44":{"start":{"line":71,"column":6},"end":{"line":71,"column":38}},"45":{"start":{"line":72,"column":6},"end":{"line":74,"column":15}},"46":{"start":{"line":73,"column":8},"end":{"line":73,"column":25}},"47":{"start":{"line":78,"column":23},"end":{"line":81,"column":3}},"48":{"start":{"line":79,"column":4},"end":{"line":79,"column":56}},"49":{"start":{"line":80,"column":4},"end":{"line":80,"column":18}},"50":{"start":{"line":83,"column":20},"end":{"line":104,"column":3}},"51":{"start":{"line":84,"column":28},"end":{"line":84,"column":67}},"52":{"start":{"line":85,"column":28},"end":{"line":85,"column":67}},"53":{"start":{"line":87,"column":4},"end":{"line":103,"column":6}},"54":{"start":{"line":90,"column":33},"end":{"line":90,"column":54}},"55":{"start":{"line":96,"column":50},"end":{"line":96,"column":75}},"56":{"start":{"line":97,"column":50},"end":{"line":97,"column":75}},"57":{"start":{"line":100,"column":33},"end":{"line":100,"column":55}},"58":{"start":{"line":106,"column":19},"end":{"line":110,"column":3}},"59":{"start":{"line":107,"column":4},"end":{"line":109,"column":16}},"60":{"start":{"line":112,"column":2},"end":{"line":138,"column":4}},"61":{"start":{"line":125,"column":28},"end":{"line":125,"column":45}},"62":{"start":{"line":127,"column":14},"end":{"line":133,"column":16}}},"fnMap":{"0":{"name":"(anonymous_0)","decl":{"start":{"line":10,"column":12},"end":{"line":10,"column":13}},"loc":{"start":{"line":10,"column":18},"end":{"line":139,"column":1}},"line":10},"1":{"name":"(anonymous_1)","decl":{"start":{"line":20,"column":12},"end":{"line":20,"column":13}},"loc":{"start":{"line":20,"column":18},"end":{"line":26,"column":3}},"line":20},"2":{"name":"(anonymous_2)","decl":{"start":{"line":21,"column":23},"end":{"line":21,"column":24}},"loc":{"start":{"line":21,"column":35},"end":{"line":24,"column":5}},"line":21},"3":{"name":"(anonymous_3)","decl":{"start":{"line":28,"column":12},"end":{"line":28,"column":13}},"loc":{"start":{"line":28,"column":18},"end":{"line":35,"column":3}},"line":28},"4":{"name":"(anonymous_4)","decl":{"start":{"line":37,"column":18},"end":{"line":37,"column":19}},"loc":{"start":{"line":37,"column":40},"end":{"line":43,"column":3}},"line":37},"5":{"name":"(anonymous_5)","decl":{"start":{"line":42,"column":15},"end":{"line":42,"column":16}},"loc":{"start":{"line":42,"column":21},"end":{"line":42,"column":37}},"line":42},"6":{"name":"(anonymous_6)","decl":{"start":{"line":45,"column":21},"end":{"line":45,"column":22}},"loc":{"start":{"line":45,"column":44},"end":{"line":50,"column":3}},"line":45},"7":{"name":"(anonymous_7)","decl":{"start":{"line":48,"column":16},"end":{"line":48,"column":17}},"loc":{"start":{"line":48,"column":27},"end":{"line":48,"column":74}},"line":48},"8":{"name":"(anonymous_8)","decl":{"start":{"line":52,"column":21},"end":{"line":52,"column":22}},"loc":{"start":{"line":52,"column":35},"end":{"line":55,"column":3}},"line":52},"9":{"name":"(anonymous_9)","decl":{"start":{"line":54,"column":26},"end":{"line":54,"column":27}},"loc":{"start":{"line":54,"column":36},"end":{"line":54,"column":50}},"line":54},"10":{"name":"(anonymous_10)","decl":{"start":{"line":57,"column":22},"end":{"line":57,"column":23}},"loc":{"start":{"line":57,"column":39},"end":{"line":76,"column":3}},"line":57},"11":{"name":"(anonymous_11)","decl":{"start":{"line":72,"column":17},"end":{"line":72,"column":18}},"loc":{"start":{"line":72,"column":23},"end":{"line":74,"column":7}},"line":72},"12":{"name":"(anonymous_12)","decl":{"start":{"line":78,"column":23},"end":{"line":78,"column":24}},"loc":{"start":{"line":78,"column":29},"end":{"line":81,"column":3}},"line":78},"13":{"name":"(anonymous_13)","decl":{"start":{"line":83,"column":20},"end":{"line":83,"column":21}},"loc":{"start":{"line":83,"column":26},"end":{"line":104,"column":3}},"line":83},"14":{"name":"(anonymous_14)","decl":{"start":{"line":90,"column":27},"end":{"line":90,"column":28}},"loc":{"start":{"line":90,"column":33},"end":{"line":90,"column":54}},"line":90},"15":{"name":"(anonymous_15)","decl":{"start":{"line":96,"column":34},"end":{"line":96,"column":35}},"loc":{"start":{"line":96,"column":50},"end":{"line":96,"column":75}},"line":96},"16":{"name":"(anonymous_16)","decl":{"start":{"line":97,"column":34},"end":{"line":97,"column":35}},"loc":{"start":{"line":97,"column":50},"end":{"line":97,"column":75}},"line":97},"17":{"name":"(anonymous_17)","decl":{"start":{"line":100,"column":27},"end":{"line":100,"column":28}},"loc":{"start":{"line":100,"column":33},"end":{"line":100,"column":55}},"line":100},"18":{"name":"(anonymous_18)","decl":{"start":{"line":106,"column":19},"end":{"line":106,"column":20}},"loc":{"start":{"line":107,"column":4},"end":{"line":109,"column":16}},"line":107},"19":{"name":"(anonymous_19)","decl":{"start":{"line":125,"column":18},"end":{"line":125,"column":19}},"loc":{"start":{"line":125,"column":28},"end":{"line":125,"column":45}},"line":125},"20":{"name":"(anonymous_20)","decl":{"start":{"line":126,"column":17},"end":{"line":126,"column":18}},"loc":{"start":{"line":127,"column":14},"end":{"line":133,"column":16}},"line":127}},"branchMap":{"0":{"loc":{"start":{"line":30,"column":4},"end":{"line":34,"column":5}},"type":"if","locations":[{"start":{"line":30,"column":4},"end":{"line":34,"column":5}},{"start":{},"end":{}}],"line":30},"1":{"loc":{"start":{"line":48,"column":27},"end":{"line":48,"column":74}},"type":"cond-expr","locations":[{"start":{"line":48,"column":56},"end":{"line":48,"column":67}},{"start":{"line":48,"column":70},"end":{"line":48,"column":74}}],"line":48},"2":{"loc":{"start":{"line":84,"column":39},"end":{"line":84,"column":65}},"type":"cond-expr","locations":[{"start":{"line":84,"column":54},"end":{"line":84,"column":60}},{"start":{"line":84,"column":63},"end":{"line":84,"column":65}}],"line":84},"3":{"loc":{"start":{"line":85,"column":39},"end":{"line":85,"column":65}},"type":"cond-expr","locations":[{"start":{"line":85,"column":54},"end":{"line":85,"column":56}},{"start":{"line":85,"column":59},"end":{"line":85,"column":65}}],"line":85},"4":{"loc":{"start":{"line":116,"column":7},"end":{"line":116,"column":27}},"type":"binary-expr","locations":[{"start":{"line":116,"column":7},"end":{"line":116,"column":12}},{"start":{"line":116,"column":16},"end":{"line":116,"column":27}}],"line":116},"5":{"loc":{"start":{"line":117,"column":7},"end":{"line":136,"column":7}},"type":"binary-expr","locations":[{"start":{"line":117,"column":7},"end":{"line":117,"column":11}},{"start":{"line":118,"column":8},"end":{"line":135,"column":14}}],"line":117},"6":{"loc":{"start":{"line":120,"column":13},"end":{"line":120,"column":49}},"type":"cond-expr","locations":[{"start":{"line":120,"column":20},"end":{"line":120,"column":44}},{"start":{"line":120,"column":47},"end":{"line":120,"column":49}}],"line":120},"7":{"loc":{"start":{"line":121,"column":13},"end":{"line":121,"column":67}},"type":"binary-expr","locations":[{"start":{"line":121,"column":13},"end":{"line":121,"column":17}},{"start":{"line":121,"column":21},"end":{"line":121,"column":67}}],"line":121}},"s":{"0":0,"1":0,"2":0,"3":0,"4":0,"5":0,"6":0,"7":0,"8":0,"9":0,"10":0,"11":0,"12":0,"13":0,"14":0,"15":0,"16":0,"17":0,"18":0,"19":0,"20":0,"21":0,"22":0,"23":0,"24":0,"25":0,"26":0,"27":0,"28":0,"29":0,"30":0,"31":0,"32":0,"33":0,"34":0,"35":0,"36":0,"37":0,"38":0,"39":0,"40":0,"41":0,"42":0,"43":0,"44":0,"45":0,"46":0,"47":0,"48":0,"49":0,"50":0,"51":0,"52":0,"53":0,"54":0,"55":0,"56":0,"57":0,"58":0,"59":0,"60":0,"61":0,"62":0},"f":{"0":0,"1":0,"2":0,"3":0,"4":0,"5":0,"6":0,"7":0,"8":0,"9":0,"10":0,"11":0,"12":0,"13":0,"14":0,"15":0,"16":0,"17":0,"18":0,"19":0,"20":0},"b":{"0":[0,0],"1":[0,0],"2":[0,0],"3":[0,0],"4":[0,0],"5":[0,0],"6":[0,0],"7":[0,0]}}
,"D:\\OneDrive\\Documents\\LEARNING\\Software Engineering\\Full Stack Open\\Part 5\\Bloglist-frontend\\src\\main.jsx": {"path":"D:\\OneDrive\\Documents\\LEARNING\\Software Engineering\\Full Stack Open\\Part 5\\Bloglist-frontend\\src\\main.jsx","statementMap":{"0":{"start":{"line":5,"column":0},"end":{"line":5,"column":68}}},"fnMap":{},"branchMap":{},"s":{"0":0},"f":{},"b":{}}
,"D:\\OneDrive\\Documents\\LEARNING\\Software Engineering\\Full Stack Open\\Part 5\\Bloglist-frontend\\src\\components\\Blog.jsx": {"path":"D:\\OneDrive\\Documents\\LEARNING\\Software Engineering\\Full Stack Open\\Part 5\\Bloglist-frontend\\src\\components\\Blog.jsx","statementMap":{"0":{"start":{"line":3,"column":13},"end":{"line":41,"column":1}},"1":{"start":{"line":4,"column":20},"end":{"line":10,"column":3}},"2":{"start":{"line":12,"column":21},"end":{"line":15,"column":3}},"3":{"start":{"line":13,"column":24},"end":{"line":13,"column":58}},"4":{"start":{"line":14,"column":4},"end":{"line":14,"column":28}},"5":{"start":{"line":17,"column":23},"end":{"line":21,"column":3}},"6":{"start":{"line":18,"column":4},"end":{"line":20,"column":5}},"7":{"start":{"line":19,"column":6},"end":{"line":19,"column":26}},"8":{"start":{"line":23,"column":2},"end":{"line":40,"column":4}}},"fnMap":{"0":{"name":"(anonymous_0)","decl":{"start":{"line":3,"column":13},"end":{"line":3,"column":14}},"loc":{"start":{"line":3,"column":57},"end":{"line":41,"column":1}},"line":3},"1":{"name":"(anonymous_1)","decl":{"start":{"line":12,"column":21},"end":{"line":12,"column":22}},"loc":{"start":{"line":12,"column":27},"end":{"line":15,"column":3}},"line":12},"2":{"name":"(anonymous_2)","decl":{"start":{"line":17,"column":23},"end":{"line":17,"column":24}},"loc":{"start":{"line":17,"column":29},"end":{"line":21,"column":3}},"line":17}},"branchMap":{"0":{"loc":{"start":{"line":18,"column":4},"end":{"line":20,"column":5}},"type":"if","locations":[{"start":{"line":18,"column":4},"end":{"line":20,"column":5}},{"start":{},"end":{}}],"line":18},"1":{"loc":{"start":{"line":35,"column":9},"end":{"line":37,"column":9}},"type":"binary-expr","locations":[{"start":{"line":35,"column":9},"end":{"line":35,"column":37}},{"start":{"line":36,"column":10},"end":{"line":36,"column":56}}],"line":35}},"s":{"0":1,"1":1,"2":1,"3":0,"4":0,"5":1,"6":0,"7":0,"8":1},"f":{"0":1,"1":0,"2":0},"b":{"0":[0,0],"1":[1,1]},"_coverageSchema":"1a1c01bbd47fc00a2c39e90264f33305004495a9","hash":"d82e570aee6273be8444faa205fb8e2c21be7b9c"}
,"D:\\OneDrive\\Documents\\LEARNING\\Software Engineering\\Full Stack Open\\Part 5\\Bloglist-frontend\\src\\components\\BlogForm.jsx": {"path":"D:\\OneDrive\\Documents\\LEARNING\\Software Engineering\\Full Stack Open\\Part 5\\Bloglist-frontend\\src\\components\\BlogForm.jsx","statementMap":{"0":{"start":{"line":3,"column":17},"end":{"line":52,"column":1}},"1":{"start":{"line":4,"column":34},"end":{"line":4,"column":46}},"2":{"start":{"line":5,"column":36},"end":{"line":5,"column":48}},"3":{"start":{"line":6,"column":30},"end":{"line":6,"column":42}},"4":{"start":{"line":8,"column":18},"end":{"line":19,"column":3}},"5":{"start":{"line":9,"column":4},"end":{"line":9,"column":27}},"6":{"start":{"line":10,"column":4},"end":{"line":14,"column":7}},"7":{"start":{"line":16,"column":4},"end":{"line":16,"column":20}},"8":{"start":{"line":17,"column":4},"end":{"line":17,"column":21}},"9":{"start":{"line":18,"column":4},"end":{"line":18,"column":18}},"10":{"start":{"line":21,"column":2},"end":{"line":51,"column":4}},"11":{"start":{"line":29,"column":33},"end":{"line":29,"column":64}},"12":{"start":{"line":36,"column":33},"end":{"line":36,"column":65}},"13":{"start":{"line":43,"column":33},"end":{"line":43,"column":62}}},"fnMap":{"0":{"name":"(anonymous_0)","decl":{"start":{"line":3,"column":17},"end":{"line":3,"column":18}},"loc":{"start":{"line":3,"column":37},"end":{"line":52,"column":1}},"line":3},"1":{"name":"(anonymous_1)","decl":{"start":{"line":8,"column":18},"end":{"line":8,"column":19}},"loc":{"start":{"line":8,"column":29},"end":{"line":19,"column":3}},"line":8},"2":{"name":"(anonymous_2)","decl":{"start":{"line":29,"column":22},"end":{"line":29,"column":23}},"loc":{"start":{"line":29,"column":33},"end":{"line":29,"column":64}},"line":29},"3":{"name":"(anonymous_3)","decl":{"start":{"line":36,"column":22},"end":{"line":36,"column":23}},"loc":{"start":{"line":36,"column":33},"end":{"line":36,"column":65}},"line":36},"4":{"name":"(anonymous_4)","decl":{"start":{"line":43,"column":22},"end":{"line":43,"column":23}},"loc":{"start":{"line":43,"column":33},"end":{"line":43,"column":62}},"line":43}},"branchMap":{},"s":{"0":1,"1":1,"2":1,"3":1,"4":1,"5":0,"6":0,"7":0,"8":0,"9":0,"10":1,"11":0,"12":0,"13":0},"f":{"0":1,"1":0,"2":0,"3":0,"4":0},"b":{},"_coverageSchema":"1a1c01bbd47fc00a2c39e90264f33305004495a9","hash":"e25c9c635f7413d47da9e8b71c517de32c5c55ed"}
,"D:\\OneDrive\\Documents\\LEARNING\\Software Engineering\\Full Stack Open\\Part 5\\Bloglist-frontend\\src\\components\\LoginForm.jsx": {"path":"D:\\OneDrive\\Documents\\LEARNING\\Software Engineering\\Full Stack Open\\Part 5\\Bloglist-frontend\\src\\components\\LoginForm.jsx","statementMap":{"0":{"start":{"line":3,"column":18},"end":{"line":31,"column":1}},"1":{"start":{"line":10,"column":2},"end":{"line":30,"column":4}},"2":{"start":{"line":33,"column":0},"end":{"line":39,"column":2}}},"fnMap":{"0":{"name":"(anonymous_0)","decl":{"start":{"line":3,"column":18},"end":{"line":3,"column":19}},"loc":{"start":{"line":9,"column":6},"end":{"line":31,"column":1}},"line":9}},"branchMap":{},"s":{"0":0,"1":0,"2":0},"f":{"0":0},"b":{}}
,"D:\\OneDrive\\Documents\\LEARNING\\Software Engineering\\Full Stack Open\\Part 5\\Bloglist-frontend\\src\\components\\Notification.jsx": {"path":"D:\\OneDrive\\Documents\\LEARNING\\Software Engineering\\Full Stack Open\\Part 5\\Bloglist-frontend\\src\\components\\Notification.jsx","statementMap":{"0":{"start":{"line":1,"column":21},"end":{"line":7,"column":1}},"1":{"start":{"line":2,"column":2},"end":{"line":4,"column":3}},"2":{"start":{"line":3,"column":4},"end":{"line":3,"column":16}},"3":{"start":{"line":6,"column":2},"end":{"line":6,"column":48}}},"fnMap":{"0":{"name":"(anonymous_0)","decl":{"start":{"line":1,"column":21},"end":{"line":1,"column":22}},"loc":{"start":{"line":1,"column":38},"end":{"line":7,"column":1}},"line":1}},"branchMap":{"0":{"loc":{"start":{"line":2,"column":2},"end":{"line":4,"column":3}},"type":"if","locations":[{"start":{"line":2,"column":2},"end":{"line":4,"column":3}},{"start":{},"end":{}}],"line":2}},"s":{"0":0,"1":0,"2":0,"3":0},"f":{"0":0},"b":{"0":[0,0]}}
,"D:\\OneDrive\\Documents\\LEARNING\\Software Engineering\\Full Stack Open\\Part 5\\Bloglist-frontend\\src\\components\\Togglable.jsx": {"path":"D:\\OneDrive\\Documents\\LEARNING\\Software Engineering\\Full Stack Open\\Part 5\\Bloglist-frontend\\src\\components\\Togglable.jsx","statementMap":{"0":{"start":{"line":4,"column":18},"end":{"line":37,"column":2}},"1":{"start":{"line":5,"column":32},"end":{"line":5,"column":47}},"2":{"start":{"line":7,"column":26},"end":{"line":7,"column":60}},"3":{"start":{"line":8,"column":26},"end":{"line":8,"column":60}},"4":{"start":{"line":10,"column":27},"end":{"line":12,"column":3}},"5":{"start":{"line":11,"column":4},"end":{"line":11,"column":25}},"6":{"start":{"line":14,"column":2},"end":{"line":18,"column":5}},"7":{"start":{"line":15,"column":4},"end":{"line":17,"column":6}},"8":{"start":{"line":20,"column":2},"end":{"line":22,"column":4}},"9":{"start":{"line":24,"column":2},"end":{"line":24,"column":38}},"10":{"start":{"line":26,"column":2},"end":{"line":36,"column":4}}},"fnMap":{"0":{"name":"(anonymous_0)","decl":{"start":{"line":4,"column":35},"end":{"line":4,"column":36}},"loc":{"start":{"line":4,"column":52},"end":{"line":37,"column":1}},"line":4},"1":{"name":"(anonymous_1)","decl":{"start":{"line":10,"column":27},"end":{"line":10,"column":28}},"loc":{"start":{"line":10,"column":33},"end":{"line":12,"column":3}},"line":10},"2":{"name":"(anonymous_2)","decl":{"start":{"line":14,"column":28},"end":{"line":14,"column":29}},"loc":{"start":{"line":14,"column":34},"end":{"line":18,"column":3}},"line":14}},"branchMap":{"0":{"loc":{"start":{"line":7,"column":37},"end":{"line":7,"column":58}},"type":"cond-expr","locations":[{"start":{"line":7,"column":47},"end":{"line":7,"column":53}},{"start":{"line":7,"column":56},"end":{"line":7,"column":58}}],"line":7},"1":{"loc":{"start":{"line":8,"column":37},"end":{"line":8,"column":58}},"type":"cond-expr","locations":[{"start":{"line":8,"column":47},"end":{"line":8,"column":49}},{"start":{"line":8,"column":52},"end":{"line":8,"column":58}}],"line":8}},"s":{"0":2,"1":8,"2":8,"3":8,"4":8,"5":3,"6":8,"7":0,"8":8,"9":8,"10":8},"f":{"0":8,"1":3,"2":0},"b":{"0":[2,6],"1":[2,6]},"_coverageSchema":"1a1c01bbd47fc00a2c39e90264f33305004495a9","hash":"1c2236f1a26ef6c406e1fc48ec5ad02edd950edc"}
,"D:\\OneDrive\\Documents\\LEARNING\\Software Engineering\\Full Stack Open\\Part 5\\Bloglist-frontend\\src\\services\\blogs.js": {"path":"D:\\OneDrive\\Documents\\LEARNING\\Software Engineering\\Full Stack Open\\Part 5\\Bloglist-frontend\\src\\services\\blogs.js","statementMap":{"0":{"start":{"line":2,"column":16},"end":{"line":2,"column":28}},"1":{"start":{"line":4,"column":12},"end":{"line":4,"column":16}},"2":{"start":{"line":6,"column":17},"end":{"line":8,"column":1}},"3":{"start":{"line":7,"column":2},"end":{"line":7,"column":31}},"4":{"start":{"line":10,"column":15},"end":{"line":13,"column":1}},"5":{"start":{"line":11,"column":18},"end":{"line":11,"column":36}},"6":{"start":{"line":12,"column":2},"end":{"line":12,"column":51}},"7":{"start":{"line":12,"column":36},"end":{"line":12,"column":49}},"8":{"start":{"line":15,"column":15},"end":{"line":21,"column":1}},"9":{"start":{"line":16,"column":17},"end":{"line":18,"column":3}},"10":{"start":{"line":19,"column":19},"end":{"line":19,"column":63}},"11":{"start":{"line":20,"column":2},"end":{"line":20,"column":23}},"12":{"start":{"line":23,"column":15},"end":{"line":27,"column":1}},"13":{"start":{"line":24,"column":18},"end":{"line":24,"column":58}},"14":{"start":{"line":25,"column":19},"end":{"line":25,"column":32}},"15":{"start":{"line":26,"column":2},"end":{"line":26,"column":23}},"16":{"start":{"line":29,"column":15},"end":{"line":35,"column":1}},"17":{"start":{"line":30,"column":17},"end":{"line":32,"column":3}},"18":{"start":{"line":33,"column":19},"end":{"line":33,"column":65}},"19":{"start":{"line":34,"column":2},"end":{"line":34,"column":23}}},"fnMap":{"0":{"name":"(anonymous_0)","decl":{"start":{"line":6,"column":17},"end":{"line":6,"column":18}},"loc":{"start":{"line":6,"column":31},"end":{"line":8,"column":1}},"line":6},"1":{"name":"(anonymous_1)","decl":{"start":{"line":10,"column":15},"end":{"line":10,"column":16}},"loc":{"start":{"line":10,"column":21},"end":{"line":13,"column":1}},"line":10},"2":{"name":"(anonymous_2)","decl":{"start":{"line":12,"column":22},"end":{"line":12,"column":23}},"loc":{"start":{"line":12,"column":36},"end":{"line":12,"column":49}},"line":12},"3":{"name":"(anonymous_3)","decl":{"start":{"line":15,"column":15},"end":{"line":15,"column":16}},"loc":{"start":{"line":15,"column":36},"end":{"line":21,"column":1}},"line":15},"4":{"name":"(anonymous_4)","decl":{"start":{"line":23,"column":15},"end":{"line":23,"column":16}},"loc":{"start":{"line":23,"column":40},"end":{"line":27,"column":1}},"line":23},"5":{"name":"(anonymous_5)","decl":{"start":{"line":29,"column":15},"end":{"line":29,"column":16}},"loc":{"start":{"line":29,"column":29},"end":{"line":35,"column":1}},"line":29}},"branchMap":{},"s":{"0":0,"1":0,"2":0,"3":0,"4":0,"5":0,"6":0,"7":0,"8":0,"9":0,"10":0,"11":0,"12":0,"13":0,"14":0,"15":0,"16":0,"17":0,"18":0,"19":0},"f":{"0":0,"1":0,"2":0,"3":0,"4":0,"5":0},"b":{}}
,"D:\\OneDrive\\Documents\\LEARNING\\Software Engineering\\Full Stack Open\\Part 5\\Bloglist-frontend\\src\\services\\login.js": {"path":"D:\\OneDrive\\Documents\\LEARNING\\Software Engineering\\Full Stack Open\\Part 5\\Bloglist-frontend\\src\\services\\login.js","statementMap":{"0":{"start":{"line":2,"column":16},"end":{"line":2,"column":28}},"1":{"start":{"line":4,"column":14},"end":{"line":7,"column":1}},"2":{"start":{"line":5,"column":19},"end":{"line":5,"column":57}},"3":{"start":{"line":6,"column":2},"end":{"line":6,"column":23}}},"fnMap":{"0":{"name":"(anonymous_0)","decl":{"start":{"line":4,"column":14},"end":{"line":4,"column":15}},"loc":{"start":{"line":4,"column":37},"end":{"line":7,"column":1}},"line":4}},"branchMap":{},"s":{"0":0,"1":0,"2":0,"3":0},"f":{"0":0},"b":{}}
}
